0 info it worked if it ends with ok
1 verbose cli [ 'node', '/usr/local/bin/npm', 'cache', 'clear' ]
2 info using npm@1.4.23
3 info using node@v0.10.31
4 error Error: EACCES, unlink '/Users/leandrodebrito/.npm/ansi-regex/0.2.1'
4 error  { [Error: EACCES, unlink '/Users/leandrodebrito/.npm/ansi-regex/0.2.1']
4 error   errno: 3,
4 error   code: 'EACCES',
4 error   path: '/Users/leandrodebrito/.npm/ansi-regex/0.2.1' }
5 error Please try running this command again as root/Administrator.
6 error System Darwin 13.3.0
7 error command "node" "/usr/local/bin/npm" "cache" "clear"
8 error cwd /Users/leandrodebrito/independent-comics
9 error node -v v0.10.31
10 error npm -v 1.4.23
11 error path /Users/leandrodebrito/.npm/ansi-regex/0.2.1
12 error code EACCES
13 error errno 3
14 error stack Error: EACCES, unlink '/Users/leandrodebrito/.npm/ansi-regex/0.2.1'
15 verbose exit [ 3, true ]
